{"contracts/GreenCard.sol":{"l":{"15":6,"16":5,"18":4,"20":4,"25":4,"29":2,"31":1,"32":1,"36":3,"37":2},"path":"/Users/wille/Projects/LIA2/Bbox/contract/contracts/GreenCard.sol","s":{"1":6,"2":5,"3":4,"4":4,"5":2,"6":1,"7":1,"8":3,"9":2},"b":{"1":[5,1],"2":[4,1],"3":[1,1],"4":[2,1]},"f":{"1":6,"2":2,"3":3},"fnMap":{"1":{"name":"storeHash","line":14,"loc":{"start":{"line":14,"column":2},"end":{"line":26,"column":2}}},"2":{"name":"getHash","line":28,"loc":{"start":{"line":28,"column":2},"end":{"line":33,"column":2}}},"3":{"name":"verifyHash","line":35,"loc":{"start":{"line":35,"column":2},"end":{"line":38,"column":2}}}},"statementMap":{"1":{"start":{"line":15,"column":4},"end":{"line":15,"column":74}},"2":{"start":{"line":16,"column":4},"end":{"line":16,"column":59}},"3":{"start":{"line":18,"column":4},"end":{"line":18,"column":39}},"4":{"start":{"line":25,"column":4},"end":{"line":25,"column":40}},"5":{"start":{"line":29,"column":4},"end":{"line":29,"column":73}},"6":{"start":{"line":31,"column":4},"end":{"line":31,"column":42}},"7":{"start":{"line":32,"column":4},"end":{"line":32,"column":38}},"8":{"start":{"line":36,"column":4},"end":{"line":36,"column":80}},"9":{"start":{"line":37,"column":4},"end":{"line":37,"column":96}}},"branchMap":{"1":{"line":15,"type":"if","locations":[{"start":{"line":15,"column":4},"end":{"line":15,"column":4}},{"start":{"line":15,"column":4},"end":{"line":15,"column":4}}]},"2":{"line":16,"type":"if","locations":[{"start":{"line":16,"column":4},"end":{"line":16,"column":4}},{"start":{"line":16,"column":4},"end":{"line":16,"column":4}}]},"3":{"line":29,"type":"if","locations":[{"start":{"line":29,"column":4},"end":{"line":29,"column":4}},{"start":{"line":29,"column":4},"end":{"line":29,"column":4}}]},"4":{"line":36,"type":"if","locations":[{"start":{"line":36,"column":4},"end":{"line":36,"column":4}},{"start":{"line":36,"column":4},"end":{"line":36,"column":4}}]}}},"contracts/LicenseNFT.sol":{"l":{"15":10,"16":10,"20":5,"21":4,"23":3,"24":3,"26":3,"27":3,"28":3,"30":3,"32":3,"36":1,"40":1},"path":"/Users/wille/Projects/LIA2/Bbox/contract/contracts/LicenseNFT.sol","s":{"1":5,"2":4,"3":3,"4":3,"5":3,"6":3,"7":3,"8":1},"b":{"1":[4,1],"2":[3,1],"3":[1,1],"4":[1,1]},"f":{"1":10,"2":5,"3":1,"4":1},"fnMap":{"1":{"name":"constructor","line":14,"loc":{"start":{"line":14,"column":4},"end":{"line":17,"column":4}}},"2":{"name":"mintNFT","line":19,"loc":{"start":{"line":19,"column":4},"end":{"line":33,"column":4}}},"3":{"name":"setMintingFee","line":35,"loc":{"start":{"line":35,"column":4},"end":{"line":37,"column":4}}},"4":{"name":"withdrawFunds","line":39,"loc":{"start":{"line":39,"column":4},"end":{"line":41,"column":4}}}},"statementMap":{"1":{"start":{"line":20,"column":8},"end":{"line":20,"column":71}},"2":{"start":{"line":21,"column":8},"end":{"line":21,"column":79}},"3":{"start":{"line":24,"column":8},"end":{"line":24,"column":44}},"4":{"start":{"line":26,"column":8},"end":{"line":26,"column":36}},"5":{"start":{"line":27,"column":8},"end":{"line":27,"column":44}},"6":{"start":{"line":30,"column":8},"end":{"line":30,"column":59}},"7":{"start":{"line":32,"column":8},"end":{"line":32,"column":25}},"8":{"start":{"line":40,"column":8},"end":{"line":40,"column":55}}},"branchMap":{"1":{"line":20,"type":"if","locations":[{"start":{"line":20,"column":8},"end":{"line":20,"column":8}},{"start":{"line":20,"column":8},"end":{"line":20,"column":8}}]},"2":{"line":21,"type":"if","locations":[{"start":{"line":21,"column":8},"end":{"line":21,"column":8}},{"start":{"line":21,"column":8},"end":{"line":21,"column":8}}]},"3":{"line":35,"type":"if","locations":[{"start":{"line":35,"column":52},"end":{"line":35,"column":52}},{"start":{"line":35,"column":52},"end":{"line":35,"column":52}}]},"4":{"line":39,"type":"if","locations":[{"start":{"line":39,"column":38},"end":{"line":39,"column":38}},{"start":{"line":39,"column":38},"end":{"line":39,"column":38}}]}}}}