{"contracts/GreenCard.sol":{"l":{"15":6,"16":5,"18":4,"20":4,"25":4,"29":2,"31":1,"32":1,"36":3,"37":2},"path":"/Users/wille/Projects/LIA2/Bbox/contract/contracts/GreenCard.sol","s":{"1":6,"2":5,"3":4,"4":4,"5":2,"6":1,"7":1,"8":3,"9":2},"b":{"1":[5,1],"2":[4,1],"3":[1,1],"4":[2,1]},"f":{"1":6,"2":2,"3":3},"fnMap":{"1":{"name":"storeHash","line":14,"loc":{"start":{"line":14,"column":2},"end":{"line":26,"column":2}}},"2":{"name":"getHash","line":28,"loc":{"start":{"line":28,"column":2},"end":{"line":33,"column":2}}},"3":{"name":"verifyHash","line":35,"loc":{"start":{"line":35,"column":2},"end":{"line":38,"column":2}}}},"statementMap":{"1":{"start":{"line":15,"column":4},"end":{"line":15,"column":74}},"2":{"start":{"line":16,"column":4},"end":{"line":16,"column":59}},"3":{"start":{"line":18,"column":4},"end":{"line":18,"column":39}},"4":{"start":{"line":25,"column":4},"end":{"line":25,"column":40}},"5":{"start":{"line":29,"column":4},"end":{"line":29,"column":73}},"6":{"start":{"line":31,"column":4},"end":{"line":31,"column":42}},"7":{"start":{"line":32,"column":4},"end":{"line":32,"column":38}},"8":{"start":{"line":36,"column":4},"end":{"line":36,"column":80}},"9":{"start":{"line":37,"column":4},"end":{"line":37,"column":96}}},"branchMap":{"1":{"line":15,"type":"if","locations":[{"start":{"line":15,"column":4},"end":{"line":15,"column":4}},{"start":{"line":15,"column":4},"end":{"line":15,"column":4}}]},"2":{"line":16,"type":"if","locations":[{"start":{"line":16,"column":4},"end":{"line":16,"column":4}},{"start":{"line":16,"column":4},"end":{"line":16,"column":4}}]},"3":{"line":29,"type":"if","locations":[{"start":{"line":29,"column":4},"end":{"line":29,"column":4}},{"start":{"line":29,"column":4},"end":{"line":29,"column":4}}]},"4":{"line":36,"type":"if","locations":[{"start":{"line":36,"column":4},"end":{"line":36,"column":4}},{"start":{"line":36,"column":4},"end":{"line":36,"column":4}}]}}}}