TN:
SF:/Users/wille/Projects/LIA2/Bbox/contract/contracts/GreenCard.sol
FN:14,storeHash
FN:28,getHash
FN:35,verifyHash
FNF:3
FNH:3
FNDA:6,storeHash
FNDA:2,getHash
FNDA:3,verifyHash
DA:15,6
DA:16,5
DA:18,4
DA:20,4
DA:25,4
DA:29,2
DA:31,1
DA:32,1
DA:36,3
DA:37,2
LF:10
LH:10
BRDA:15,1,0,5
BRDA:15,1,1,1
BRDA:16,2,0,4
BRDA:16,2,1,1
BRDA:29,3,0,1
BRDA:29,3,1,1
BRDA:36,4,0,2
BRDA:36,4,1,1
BRF:8
BRH:8
end_of_record
TN:
SF:/Users/wille/Projects/LIA2/Bbox/contract/contracts/LicenseNFT.sol
FN:14,constructor
FN:19,mintNFT
FN:35,setMintingFee
FN:39,withdrawFunds
FNF:4
FNH:4
FNDA:10,constructor
FNDA:5,mintNFT
FNDA:1,setMintingFee
FNDA:1,withdrawFunds
DA:15,10
DA:16,10
DA:20,5
DA:21,4
DA:23,3
DA:24,3
DA:26,3
DA:27,3
DA:28,3
DA:30,3
DA:32,3
DA:36,1
DA:40,1
LF:13
LH:13
BRDA:20,1,0,4
BRDA:20,1,1,1
BRDA:21,2,0,3
BRDA:21,2,1,1
BRDA:35,3,0,1
BRDA:35,3,1,1
BRDA:39,4,0,1
BRDA:39,4,1,1
BRF:8
BRH:8
end_of_record
